<<<<<<< Updated upstream
2025-10-27 05:40:22 UTC
macOS-15.6-arm64-arm-64bit
Ren'Py 8.4.1.25072401

Early init took 30 ms
Loading error handling took 14 ms
Loading script took 204 ms
Loading save slot metadata took 13 ms
=======
2026-02-13 07:01:30 UTC
macOS-15.7.2-arm64-arm-64bit
Ren'Py 8.5.0.25111603

Early init took 27 ms
Loading error handling took 14 ms
Loading script took 57 ms
Loading save slot metadata took 15 ms
>>>>>>> Stashed changes
Loading persistent took 0 ms
Running init code took 22 ms
Loading analysis data took 2 ms
Analyze and compile ATL took 1 ms
<<<<<<< Updated upstream
Reloading save slot metadata took 4 ms
Backing up script files to '/Users/robertliang/Library/RenPy/backups/Dream-awakening':
Dump and make backups took 23 ms
=======
Reloading save slot metadata took 2 ms
Dump and make backups took 22 ms
>>>>>>> Stashed changes
Cleaning cache took 0 ms
Making clean stores took 0 ms
Initial gc took 19 ms
DPI scale factor: 1.000000
Creating interface object took 0 ms
Init translation took 0 ms
Cleaning stores took 0 ms
<<<<<<< Updated upstream
Load screen analysis took 0 ms
Analyze screens took 5 ms
Save screen analysis took 7 ms
Save pyanalysis took 0 ms
Save bytecode took 0 ms
Running _start took 0 ms
Interface start took 300 ms
=======
Load screen analysis took 10 ms
Analyze screens took 0 ms
Save screen analysis took 0 ms
Save pyanalysis took 0 ms
Save bytecode took 0 ms
Running _start took 0 ms
Interface start took 269 ms
>>>>>>> Stashed changes

Initializing gl2 renderer:
primary display bounds: (0, 0, 1440, 900)
swap interval: 1 frames
Windowed mode.
Vendor: 'Apple'
Renderer: 'Apple M1'
Version: '2.1 Metal - 89.4'
Display Info: <Info({'bitsize': 32, 'bytesize': 4, 'masks': (16711680, 65280, 255, 4278190080), 'shifts': (16, 8, 0, 24), 'losses': (0, 0, 0, 0), 'current_w': 1440, 'current_h': 900, 'refresh_rate': 60, 'hw': False, 'wm': True, 'video_mem': 268435456, 'blit_hw': False, 'blit_hw_CC': False, 'blit_hw_A': False, 'blit_sw': False, 'blit_sw_CC': False, 'blit_sw_A': False})>
Screen sizes: virtual=(1920, 1080) physical=(1338, 753) drawable=(2676, 1506)
Maximum texture size: 4096x4096
<<<<<<< Updated upstream
=======
INFO:renpy_warp_service:service thread started. periodically scanning ports for warp server
INFO:renpy_warp_service:connected to renpy warp socket server on :40111

Full traceback:
  File "game/script.rpy", line 769, in script
    $ The_Superego += 1
  File "renpy/ast.py", line 1187, in execute
    renpy.python.py_exec_bytecode(self.code.bytecode, self.hide, store=self.store)
    ~~~~~~~~~~~~~~~~~~~~~~~~~~~~~^^^^^^^^^^^^^^^^^^^^^^^^^^^^^^^^^^^^^^^^^^^^^^^^^
  File "renpy/python.py", line 1273, in py_exec_bytecode
    exec(bytecode, globals, locals)
    ~~~~^^^^^^^^^^^^^^^^^^^^^^^^^^^
  File "game/script.rpy", line 769, in <module>
    $ The_Superego += 1
      ^^^^^^^^^^^^     
NameError: name 'The_Superego' is not defined. Did you mean: 'The_superEgo'?

While running game code:
  File "game/script.rpy", line 769, in script
    $ The_Superego += 1
  File "game/script.rpy", line 769, in <module>
    $ The_Superego += 1
      ^^^^^^^^^^^^     
NameError: name 'The_Superego' is not defined. Did you mean: 'The_superEgo'?

Full traceback:
  File "game/script.rpy", line 769, in script
    $ The_Superego += 1
  File "renpy/ast.py", line 1187, in execute
    renpy.python.py_exec_bytecode(self.code.bytecode, self.hide, store=self.store)
    ~~~~~~~~~~~~~~~~~~~~~~~~~~~~~^^^^^^^^^^^^^^^^^^^^^^^^^^^^^^^^^^^^^^^^^^^^^^^^^
  File "renpy/python.py", line 1273, in py_exec_bytecode
    exec(bytecode, globals, locals)
    ~~~~^^^^^^^^^^^^^^^^^^^^^^^^^^^
  File "game/script.rpy", line 769, in <module>
    $ The_Superego += 1
      ^^^^^^^^^^^^     
NameError: name 'The_Superego' is not defined. Did you mean: 'The_superEgo'?

During handling of the above exception, another exception occurred:

Traceback (most recent call last):
  File "game/script.rpy", line 769, in script
    $ The_Superego += 1
  File "renpy/ast.py", line 1187, in execute
    renpy.python.py_exec_bytecode(self.code.bytecode, self.hide, store=self.store)
    ~~~~~~~~~~~~~~~~~~~~~~~~~~~~~^^^^^^^^^^^^^^^^^^^^^^^^^^^^^^^^^^^^^^^^^^^^^^^^^
  File "renpy/python.py", line 1273, in py_exec_bytecode
    exec(bytecode, globals, locals)
    ~~~~^^^^^^^^^^^^^^^^^^^^^^^^^^^
  File "game/script.rpy", line 769, in <module>
    $ The_Superego += 1
      ^^^^^^^^^^^^     
NameError: name 'The_Superego' is not defined. Did you mean: 'The_superEgo'?

While running game code:
  File "game/script.rpy", line 769, in script
    $ The_Superego += 1
  File "game/script.rpy", line 769, in <module>
    $ The_Superego += 1
      ^^^^^^^^^^^^     
NameError: name 'The_Superego' is not defined. Did you mean: 'The_superEgo'?

During handling of the above exception, another exception occurred:

Traceback (most recent call last):
  File "game/script.rpy", line 769, in script
    $ The_Superego += 1
  File "game/script.rpy", line 769, in <module>
    $ The_Superego += 1
      ^^^^^^^^^^^^     
NameError: name 'The_Superego' is not defined. Did you mean: 'The_superEgo'?
INFO:renpy_warp_service:closing websocket connection :40111
INFO:renpy_warp_service:connection replaced, service exiting
INFO:renpy_warp_service:service closed
>>>>>>> Stashed changes
